<?xml version="1.0" encoding="UTF-8"?>
<!-- Generated by org.testng.reporters.JUnitXMLReporter -->
<testsuite ignored="3" hostname="192-168-1-100.tpgi.com.au" failures="0" tests="1" name="Default test(failed)" time="123.185" errors="0" timestamp="2025-03-02T22:36:47 AEST">
  <testcase classname="com.ecommerce.tests.HomePageTest" name="verifyHeaderNavigationLinks" time="86.669"/>
  <testcase classname="com.ecommerce.tests.HomePageTest" name="verifySubscriptionFeature" time="0.0">
    <ignored/>
  </testcase> <!-- verifySubscriptionFeature -->
  <testcase classname="com.ecommerce.tests.HomePageTest" name="verifyHomePageTitle" time="0.0">
    <ignored/>
  </testcase> <!-- verifyHomePageTitle -->
  <testcase classname="com.ecommerce.tests.HomePageTest" name="verifyHomePageLogo" time="0.0">
    <ignored/>
  </testcase> <!-- verifyHomePageLogo -->
</testsuite> <!-- Default test(failed) -->
