<?xml version="1.0" encoding="UTF-8"?>
<!-- Generated by org.testng.reporters.JUnitXMLReporter -->
<testsuite ignored="2" hostname="192-168-1-100.tpgi.com.au" failures="0" tests="2" name="Default test" time="74.514" errors="0" timestamp="2025-03-03T08:35:51 AEST">
  <testcase classname="com.ecommerce.tests.LoginTest" name="testInvalidLogin" time="11.29"/>
  <testcase classname="com.ecommerce.tests.LoginTest" name="testInvalidLogin" time="11.022"/>
  <testcase classname="com.ecommerce.tests.LoginTest" name="testValidLogin" time="0.0">
    <ignored/>
  </testcase> <!-- testValidLogin -->
  <testcase classname="com.ecommerce.tests.LoginTest" name="emptyInputField" time="0.0">
    <ignored/>
  </testcase> <!-- emptyInputField -->
</testsuite> <!-- Default test -->
