<?xml version="1.0" encoding="UTF-8"?>
<testng-results ignored="3" total="4" passed="1" failed="0" skipped="0">
  <reporter-output>
  </reporter-output>
  <suite started-at="2025-04-20T10:12:28 AEST" name="Default suite" finished-at="2025-04-20T10:13:19 AEST" duration-ms="51354">
    <groups>
    </groups>
    <test started-at="2025-04-20T10:12:28 AEST" name="Default test" finished-at="2025-04-20T10:13:19 AEST" duration-ms="51354">
      <class name="com.ecommerce.tests.common.cart.CartTest">
        <test-method is-config="true" signature="setup()[pri:0, instance:com.ecommerce.tests.common.cart.CartTest@117159c0]" started-at="2025-04-20T10:12:28 AEST" name="setup" finished-at="2025-04-20T10:12:44 AEST" duration-ms="16548" status="PASS">
          <reporter-output>
          </reporter-output>
        </test-method> <!-- setup -->
        <test-method is-config="true" signature="initialize()[pri:0, instance:com.ecommerce.tests.common.cart.CartTest@117159c0]" started-at="2025-04-20T10:12:44 AEST" name="initialize" finished-at="2025-04-20T10:13:03 AEST" duration-ms="18289" status="PASS">
          <reporter-output>
          </reporter-output>
        </test-method> <!-- initialize -->
        <test-method signature="testRemoveItemFromCart()[pri:0, instance:com.ecommerce.tests.common.cart.CartTest@117159c0]" started-at="2025-04-20T10:13:03 AEST" name="testRemoveItemFromCart" finished-at="2025-04-20T10:13:19 AEST" duration-ms="16141" status="PASS">
          <reporter-output>
          </reporter-output>
        </test-method> <!-- testRemoveItemFromCart -->
        <test-method is-config="true" signature="teardown()[pri:0, instance:com.ecommerce.tests.common.cart.CartTest@117159c0]" started-at="2025-04-20T10:13:19 AEST" name="teardown" finished-at="2025-04-20T10:13:19 AEST" duration-ms="313" status="PASS">
          <reporter-output>
          </reporter-output>
        </test-method> <!-- teardown -->
      </class> <!-- com.ecommerce.tests.common.cart.CartTest -->
    </test> <!-- Default test -->
  </suite> <!-- Default suite -->
</testng-results>
